2024-06-16 21:42:01,250 - API - DEBUG: logger was initialized
2024-06-16 21:42:25,269 - API - ERROR: Error with get account state: Liteserver crashed with 228 code. Message: Ratelimit
2024-06-16 21:42:30,481 - API - ERROR: Error with get account state: Liteserver crashed with 228 code. Message: Ratelimit
2024-06-16 21:42:40,268 - API - ERROR: Error with get account state: Liteserver crashed with 228 code. Message: Ratelimit
2024-06-16 21:42:59,666 - API - ERROR: Error with get account state: Liteserver crashed with 228 code. Message: Ratelimit
2024-06-16 21:43:02,266 - API - ERROR: Error with get account state: Liteserver crashed with 228 code. Message: Ratelimit
2024-06-16 21:43:11,371 - API - ERROR: Error with get account state: Liteserver crashed with 228 code. Message: Ratelimit
2024-06-16 21:43:15,452 - API - ERROR: Error with get account state: Liteserver crashed with 228 code. Message: Ratelimit
2024-06-16 21:43:21,686 - API - ERROR: Error with get account state: Liteserver crashed with 228 code. Message: Ratelimit
2024-06-16 21:43:28,375 - API - ERROR: Error with get account state: Liteserver crashed with 228 code. Message: Ratelimit
2024-06-16 21:43:35,079 - API - ERROR: Error with get account state: Liteserver crashed with 228 code. Message: Ratelimit
2024-06-16 21:46:21,309 - API - ERROR: Error with get account state: Liteserver crashed with 228 code. Message: Ratelimit
2024-06-16 21:46:31,373 - API - ERROR: Error with get account state: Liteserver crashed with 228 code. Message: Ratelimit
2024-06-16 21:46:47,413 - API - ERROR: Error with get account state: Liteserver crashed with 228 code. Message: Ratelimit
2024-06-16 21:46:55,433 - API - ERROR: Error with get account state: Liteserver crashed with 228 code. Message: Ratelimit
2024-06-16 21:47:02,514 - API - ERROR: Error with get account state: Liteserver crashed with 228 code. Message: Ratelimit
2024-06-16 21:47:02,522 - API - ERROR: Error with get account state: Liteserver crashed with 228 code. Message: Ratelimit
2024-06-16 21:47:05,674 - API - ERROR: Error with get account state: Liteserver crashed with 228 code. Message: Ratelimit
2024-06-16 21:47:08,565 - API - ERROR: Error with get account state: Liteserver crashed with 228 code. Message: Ratelimit
2024-06-16 21:47:08,587 - API - ERROR: Error with get account state: Liteserver crashed with 228 code. Message: Ratelimit
2024-06-16 21:47:15,429 - API - ERROR: Error with get account state: Liteserver crashed with 228 code. Message: Ratelimit
2024-06-16 21:47:15,470 - API - ERROR: Error with get account state: Liteserver crashed with 228 code. Message: Ratelimit
2024-06-16 21:47:19,648 - API - ERROR: Error with get account state: Liteserver crashed with 228 code. Message: Ratelimit
2024-06-16 21:47:22,767 - API - ERROR: Error with get account state: Liteserver crashed with 228 code. Message: Ratelimit
2024-06-16 21:47:26,718 - API - ERROR: Error with get account state: Liteserver crashed with 228 code. Message: Ratelimit
2024-06-16 21:47:26,807 - API - ERROR: Error with get account state: Liteserver crashed with 228 code. Message: Ratelimit
2024-06-16 21:47:32,667 - API - ERROR: Error with get account state: Liteserver crashed with 228 code. Message: Ratelimit
2024-06-16 21:47:32,758 - API - ERROR: Error with get account state: Liteserver crashed with 228 code. Message: Ratelimit
2024-06-16 21:47:37,775 - API - ERROR: Error with get account state: Liteserver crashed with 228 code. Message: Ratelimit
2024-06-16 21:47:37,787 - API - ERROR: Error with get account state: Liteserver crashed with 228 code. Message: Ratelimit
2024-06-16 21:47:41,253 - API - ERROR: Error with get account state: Liteserver crashed with 228 code. Message: Ratelimit
2024-06-16 21:47:41,343 - API - ERROR: Error with get account state: Liteserver crashed with 228 code. Message: Ratelimit
2024-06-16 21:47:49,463 - API - ERROR: Error with get account state: Liteserver crashed with 228 code. Message: Ratelimit
2024-06-16 21:47:49,561 - API - ERROR: Error with get account state: Liteserver crashed with 228 code. Message: Ratelimit
2024-06-16 21:47:55,730 - API - ERROR: Error with get account state: Liteserver crashed with 228 code. Message: Ratelimit
2024-06-16 21:47:55,755 - API - ERROR: Error with get account state: Liteserver crashed with 228 code. Message: Ratelimit
2024-06-16 21:48:01,547 - API - ERROR: Error with get account state: Liteserver crashed with 228 code. Message: Ratelimit
2024-06-16 21:48:11,404 - API - ERROR: Error with get account state: Liteserver crashed with 228 code. Message: Ratelimit
2024-06-16 21:48:22,001 - API - ERROR: Error with get account state: Liteserver crashed with 228 code. Message: Ratelimit
2024-06-16 21:48:24,661 - API - ERROR: Error with get account state: Liteserver crashed with 228 code. Message: Ratelimit
2024-06-16 21:49:29,995 - API - ERROR: Error with get account state: Liteserver crashed with 228 code. Message: Ratelimit
2024-06-16 21:49:30,022 - API - ERROR: Error with get account state: Liteserver crashed with 228 code. Message: Ratelimit
2024-06-16 21:49:30,053 - API - ERROR: Error with get account state: Liteserver crashed with 228 code. Message: Ratelimit
2024-06-16 21:49:43,773 - API - ERROR: Error with get account state: Liteserver crashed with 228 code. Message: Ratelimit
2024-06-16 21:49:44,056 - API - ERROR: Error with get account state: Liteserver crashed with 228 code. Message: Ratelimit
2024-06-16 21:49:44,060 - API - ERROR: Error with get account state: Liteserver crashed with 228 code. Message: Ratelimit
2024-06-16 21:49:54,050 - API - ERROR: Error with get account state: Liteserver crashed with 228 code. Message: Ratelimit
2024-06-16 21:49:54,054 - API - ERROR: Error with get account state: Liteserver crashed with 228 code. Message: Ratelimit
2024-06-16 21:49:54,056 - API - ERROR: Error with get account state: Liteserver crashed with 228 code. Message: Ratelimit
2024-06-16 21:50:01,334 - API - ERROR: Error with get account state: Liteserver crashed with 228 code. Message: Ratelimit
2024-06-16 21:50:01,336 - API - ERROR: Error with get account state: Liteserver crashed with 228 code. Message: Ratelimit
2024-06-16 21:50:01,349 - API - ERROR: Error with get account state: Liteserver crashed with 228 code. Message: Ratelimit
2024-06-16 21:50:13,077 - API - ERROR: Error with get account state: Liteserver crashed with 228 code. Message: Ratelimit
2024-06-16 21:50:13,082 - API - ERROR: Error with get account state: Liteserver crashed with 228 code. Message: Ratelimit
2024-06-16 21:50:13,105 - API - ERROR: Error with get account state: Liteserver crashed with 228 code. Message: Ratelimit
2024-06-16 21:50:27,247 - API - ERROR: Error with get account state: Liteserver crashed with 228 code. Message: Ratelimit
2024-06-16 21:50:27,337 - API - ERROR: Error with get account state: Liteserver crashed with 228 code. Message: Ratelimit
2024-06-16 21:50:27,357 - API - ERROR: Error with get account state: Liteserver crashed with 228 code. Message: Ratelimit
2024-06-16 21:50:30,198 - API - ERROR: Error with get account state: Liteserver crashed with 228 code. Message: Ratelimit
2024-06-16 21:50:30,199 - API - ERROR: Error with get account state: Liteserver crashed with 228 code. Message: Ratelimit
2024-06-16 21:50:30,250 - API - ERROR: Error with get account state: Liteserver crashed with 228 code. Message: Ratelimit
2024-06-16 21:50:44,943 - API - ERROR: Error with get account state: Liteserver crashed with 228 code. Message: Ratelimit
2024-06-16 21:50:45,065 - API - ERROR: Error with get account state: Liteserver crashed with 228 code. Message: Ratelimit
2024-06-16 21:50:45,081 - API - ERROR: Error with get account state: Liteserver crashed with 228 code. Message: Ratelimit
2024-06-16 21:50:48,248 - API - ERROR: Error with get account state: Liteserver crashed with 228 code. Message: Ratelimit
2024-06-16 21:50:48,312 - API - ERROR: Error with get account state: Liteserver crashed with 228 code. Message: Ratelimit
2024-06-16 21:50:48,357 - API - ERROR: Error with get account state: Liteserver crashed with 228 code. Message: Ratelimit
2024-06-16 21:51:00,101 - API - ERROR: Error with get account state: Liteserver crashed with 228 code. Message: Ratelimit
2024-06-16 21:51:00,107 - API - ERROR: Error with get account state: Liteserver crashed with 228 code. Message: Ratelimit
2024-06-16 21:51:00,115 - API - ERROR: Error with get account state: Liteserver crashed with 228 code. Message: Ratelimit
2024-06-16 21:51:15,182 - API - ERROR: Error with get account state: Liteserver crashed with 228 code. Message: Ratelimit
2024-06-16 21:51:15,218 - API - ERROR: Error with get account state: Liteserver crashed with 228 code. Message: Ratelimit
2024-06-16 21:51:15,225 - API - ERROR: Error with get account state: Liteserver crashed with 228 code. Message: Ratelimit
2024-06-16 21:51:26,089 - API - ERROR: Error with get account state: Liteserver crashed with 228 code. Message: Ratelimit
2024-06-16 21:51:26,092 - API - ERROR: Error with get account state: Liteserver crashed with 228 code. Message: Ratelimit
2024-06-16 21:51:26,093 - API - ERROR: Error with get account state: Liteserver crashed with 228 code. Message: Ratelimit
2024-06-16 21:51:43,365 - API - ERROR: Error with get account state: Liteserver crashed with 228 code. Message: Ratelimit
2024-06-16 21:51:54,337 - API - ERROR: Error with get account state: Liteserver crashed with 228 code. Message: Ratelimit
2024-06-16 21:51:54,362 - API - ERROR: Error with get account state: Liteserver crashed with 228 code. Message: Ratelimit
2024-06-16 21:52:15,330 - API - ERROR: Error with get account state: Liteserver crashed with 228 code. Message: Ratelimit
2024-06-16 21:52:15,343 - API - ERROR: Error with get account state: Liteserver crashed with 228 code. Message: Ratelimit
2024-06-16 21:52:36,374 - API - ERROR: Error with get account state: Liteserver crashed with 228 code. Message: Ratelimit
2024-06-16 21:52:36,386 - API - ERROR: Error with get account state: Liteserver crashed with 228 code. Message: Ratelimit
2024-06-16 21:52:36,387 - API - ERROR: Error with get account state: Liteserver crashed with 228 code. Message: Ratelimit
2024-06-16 21:52:59,834 - API - ERROR: Error with get account state: Liteserver crashed with 228 code. Message: Ratelimit
2024-06-16 21:53:00,090 - API - ERROR: Error with get account state: Liteserver crashed with 228 code. Message: Ratelimit
2024-06-16 21:53:03,101 - API - ERROR: Error with get account state: Liteserver crashed with 228 code. Message: Ratelimit
2024-06-16 21:53:06,667 - API - ERROR: Error with get account state: Liteserver crashed with 228 code. Message: Ratelimit
2024-06-16 21:53:07,060 - API - ERROR: Error with get account state: Liteserver crashed with 228 code. Message: Ratelimit
2024-06-16 22:12:07,824 - API - ERROR: Error with get account state: the address is invalid
2024-06-16 22:12:09,242 - API - ERROR: Error with get account state: the address is invalid
2024-06-16 22:12:10,671 - API - ERROR: Error with get account state: the address is invalid
2024-06-16 22:12:12,054 - API - ERROR: Error with get account state: the address is invalid
2024-06-16 22:12:13,416 - API - ERROR: Error with get account state: the address is invalid
2024-06-16 22:12:14,822 - API - ERROR: Error with get account state: the address is invalid
2024-06-16 22:12:16,254 - API - ERROR: Error with get account state: the address is invalid
2024-06-16 22:12:18,364 - API - ERROR: Error with get account state: the address is invalid
2024-06-16 22:12:19,741 - API - ERROR: Error with get account state: the address is invalid
2024-06-16 22:12:21,127 - API - ERROR: Error with get account state: the address is invalid
2024-06-16 22:12:22,553 - API - ERROR: Error with get account state: the address is invalid
2024-06-16 22:12:23,953 - API - ERROR: Error with get account state: the address is invalid
2024-06-16 22:12:25,324 - API - ERROR: Error with get account state: the address is invalid
2024-06-16 22:12:26,711 - API - ERROR: Error with get account state: the address is invalid
2024-06-16 22:12:28,108 - API - ERROR: Error with get account state: the address is invalid
2024-06-16 22:12:29,495 - API - ERROR: Error with get account state: the address is invalid
2024-06-16 22:12:30,867 - API - ERROR: Error with get account state: the address is invalid
2024-06-16 22:12:32,217 - API - ERROR: Error with get account state: the address is invalid
2024-06-16 22:12:33,591 - API - ERROR: Error with get account state: the address is invalid
2024-06-16 22:12:34,879 - API - ERROR: Error with get account state: Liteserver crashed with 228 code. Message: Ratelimit
2024-06-16 22:12:34,899 - API - ERROR: Error with get account state: Liteserver crashed with 228 code. Message: Ratelimit
2024-06-16 22:12:36,304 - API - ERROR: Error with get account state: the address is invalid
2024-06-16 22:12:36,686 - API - ERROR: Error with get account state: Liteserver crashed with 228 code. Message: Ratelimit
2024-06-16 22:12:37,681 - API - ERROR: Error with get account state: the address is invalid
2024-06-16 22:12:39,053 - API - ERROR: Error with get account state: the address is invalid
2024-06-16 22:12:40,428 - API - ERROR: Error with get account state: the address is invalid
2024-06-16 22:12:41,791 - API - ERROR: Error with get account state: the address is invalid
2024-06-16 22:12:43,152 - API - ERROR: Error with get account state: the address is invalid
2024-06-16 22:12:45,074 - API - ERROR: Error with get account state: the address is invalid
2024-06-16 22:12:45,500 - API - ERROR: Error with get account state: Liteserver crashed with 228 code. Message: Ratelimit
2024-06-16 22:12:46,458 - API - ERROR: Error with get account state: the address is invalid
2024-06-16 22:12:47,842 - API - ERROR: Error with get account state: the address is invalid
2024-06-16 22:12:49,286 - API - ERROR: Error with get account state: the address is invalid
2024-06-16 22:12:50,684 - API - ERROR: Error with get account state: the address is invalid
2024-06-16 22:12:52,061 - API - ERROR: Error with get account state: the address is invalid
2024-06-16 22:12:53,022 - API - ERROR: Error with get account state: Liteserver crashed with 228 code. Message: Ratelimit
2024-06-16 22:12:53,460 - API - ERROR: Error with get account state: the address is invalid
2024-06-16 22:12:54,895 - API - ERROR: Error with get account state: the address is invalid
2024-06-16 22:12:56,294 - API - ERROR: Error with get account state: the address is invalid
2024-06-16 22:12:57,706 - API - ERROR: Error with get account state: the address is invalid
2024-06-16 22:12:59,111 - API - ERROR: Error with get account state: the address is invalid
2024-06-16 22:13:00,465 - API - ERROR: Error with get account state: the address is invalid
2024-06-16 22:13:01,905 - API - ERROR: Error with get account state: the address is invalid
2024-06-16 22:13:03,303 - API - ERROR: Error with get account state: the address is invalid
2024-06-16 22:13:04,770 - API - ERROR: Error with get account state: the address is invalid
2024-06-16 22:13:06,226 - API - ERROR: Error with get account state: the address is invalid
2024-06-16 22:13:07,629 - API - ERROR: Error with get account state: the address is invalid
2024-06-16 22:13:09,022 - API - ERROR: Error with get account state: the address is invalid
2024-06-16 22:13:10,411 - API - ERROR: Error with get account state: the address is invalid
2024-06-16 22:13:11,824 - API - ERROR: Error with get account state: the address is invalid
2024-06-16 22:13:12,973 - API - ERROR: Error with get account state: Liteserver crashed with 228 code. Message: Ratelimit
2024-06-16 22:13:13,128 - API - ERROR: Error with get account state: Liteserver crashed with 228 code. Message: Ratelimit
2024-06-16 22:13:14,638 - API - ERROR: Error with get account state: the address is invalid
2024-06-16 22:13:16,020 - API - ERROR: Error with get account state: the address is invalid
2024-06-16 22:13:26,458 - API - ERROR: Error with get account state: the address is invalid
2024-06-16 22:13:28,368 - API - ERROR: Error with get account state: the address is invalid
2024-06-16 22:13:29,762 - API - ERROR: Error with get account state: the address is invalid
2024-06-16 22:13:31,162 - API - ERROR: Error with get account state: the address is invalid
2024-06-16 22:13:32,780 - API - ERROR: Error with get account state: the address is invalid
2024-06-16 22:13:34,185 - API - ERROR: Error with get account state: the address is invalid
2024-06-16 22:13:35,564 - API - ERROR: Error with get account state: the address is invalid
2024-06-16 22:13:37,028 - API - ERROR: Error with get account state: the address is invalid
2024-06-16 22:13:37,036 - API - ERROR: Error with get account state: Liteserver crashed with 228 code. Message: Ratelimit
2024-06-16 22:13:37,101 - API - ERROR: Error with get account state: Liteserver crashed with 228 code. Message: Ratelimit
2024-06-16 22:13:37,123 - API - ERROR: Error with get account state: Liteserver crashed with 228 code. Message: Ratelimit
2024-06-16 22:13:38,495 - API - ERROR: Error with get account state: the address is invalid
2024-06-16 22:13:39,892 - API - ERROR: Error with get account state: the address is invalid
2024-06-16 22:13:40,913 - API - ERROR: Error with get account state: Liteserver crashed with 228 code. Message: Ratelimit
2024-06-16 22:13:40,928 - API - ERROR: Error with get account state: Liteserver crashed with 228 code. Message: Ratelimit
2024-06-16 22:13:40,946 - API - ERROR: Error with get account state: Liteserver crashed with 228 code. Message: Ratelimit
2024-06-16 22:13:41,157 - API - ERROR: Error with get account state: Liteserver crashed with 228 code. Message: Ratelimit
2024-06-16 22:13:42,698 - API - ERROR: Error with get account state: the address is invalid
2024-06-16 22:13:45,300 - API - ERROR: Error with get account state: the address is invalid
2024-06-16 22:13:46,757 - API - ERROR: Error with get account state: the address is invalid
2024-06-16 22:13:47,245 - API - ERROR: Error with get account state: Liteserver crashed with 228 code. Message: Ratelimit
2024-06-16 22:13:48,166 - API - ERROR: Error with get account state: the address is invalid
2024-06-16 22:13:48,922 - API - ERROR: Error with get account state: Liteserver crashed with 228 code. Message: Ratelimit
2024-06-16 22:13:49,015 - API - ERROR: Error with get account state: Liteserver crashed with 228 code. Message: Ratelimit
2024-06-16 22:13:49,089 - API - ERROR: Error with get account state: Liteserver crashed with 228 code. Message: Ratelimit
2024-06-16 22:13:49,585 - API - ERROR: Error with get account state: the address is invalid
2024-06-16 22:13:51,010 - API - ERROR: Error with get account state: the address is invalid
2024-06-16 22:13:52,516 - API - ERROR: Error with get account state: the address is invalid
2024-06-16 22:13:55,558 - API - ERROR: Error with get account state: the address is invalid
2024-06-16 22:13:57,037 - API - ERROR: Error with get account state: the address is invalid
2024-06-16 22:13:58,511 - API - ERROR: Error with get account state: the address is invalid
2024-06-16 22:13:59,703 - API - ERROR: Error with get account state: Liteserver crashed with 228 code. Message: Ratelimit
2024-06-16 22:13:59,784 - API - ERROR: Error with get account state: Liteserver crashed with 228 code. Message: Ratelimit
2024-06-16 22:13:59,794 - API - ERROR: Error with get account state: Liteserver crashed with 228 code. Message: Ratelimit
2024-06-16 22:13:59,965 - API - ERROR: Error with get account state: Liteserver crashed with 228 code. Message: Ratelimit
2024-06-16 22:14:01,156 - API - ERROR: Error with get account state: the address is invalid
2024-06-16 22:14:03,496 - API - ERROR: Error with get account state: Liteserver crashed with 228 code. Message: Ratelimit
2024-06-16 22:14:03,549 - API - ERROR: Error with get account state: Liteserver crashed with 228 code. Message: Ratelimit
2024-06-16 22:14:03,586 - API - ERROR: Error with get account state: Liteserver crashed with 228 code. Message: Ratelimit
2024-06-16 22:14:03,713 - API - ERROR: Error with get account state: Liteserver crashed with 228 code. Message: Ratelimit
2024-06-16 22:14:04,998 - API - ERROR: Error with get account state: the address is invalid
2024-06-16 22:14:06,396 - API - ERROR: Error with get account state: the address is invalid
2024-06-16 22:14:07,778 - API - ERROR: Error with get account state: the address is invalid
2024-06-16 22:14:09,193 - API - ERROR: Error with get account state: the address is invalid
2024-06-16 22:14:11,143 - API - ERROR: Error with get account state: the address is invalid
2024-06-16 22:14:12,581 - API - ERROR: Error with get account state: the address is invalid
2024-06-16 22:14:14,152 - API - ERROR: Error with get account state: the address is invalid
2024-06-16 22:14:15,726 - API - ERROR: Error with get account state: the address is invalid
2024-06-16 22:14:16,330 - API - ERROR: Error with get account state: Liteserver crashed with 228 code. Message: Ratelimit
2024-06-16 22:14:16,349 - API - ERROR: Error with get account state: Liteserver crashed with 228 code. Message: Ratelimit
2024-06-16 22:14:17,874 - API - ERROR: Error with get account state: the address is invalid
2024-06-16 22:14:18,491 - API - ERROR: Error with get account state: Liteserver crashed with 228 code. Message: Ratelimit
2024-06-16 22:14:18,499 - API - ERROR: Error with get account state: Liteserver crashed with 228 code. Message: Ratelimit
2024-06-16 22:14:19,721 - API - ERROR: Error with get account state: the address is invalid
2024-06-16 22:14:27,801 - API - ERROR: Error with get account state: Liteserver crashed with 228 code. Message: Ratelimit
2024-06-16 22:14:27,810 - API - ERROR: Error with get account state: Liteserver crashed with 228 code. Message: Ratelimit
2024-06-16 22:14:27,812 - API - ERROR: Error with get account state: Liteserver crashed with 228 code. Message: Ratelimit
2024-06-16 22:14:28,002 - API - ERROR: Error with get account state: Liteserver crashed with 228 code. Message: Ratelimit
2024-06-16 22:14:29,379 - API - ERROR: Error with get account state: the address is invalid
2024-06-16 22:14:31,178 - API - ERROR: Error with get account state: the address is invalid
2024-06-16 22:14:32,931 - API - ERROR: Error with get account state: the address is invalid
2024-06-16 22:14:33,324 - API - ERROR: Error with get account state: Liteserver crashed with 228 code. Message: Ratelimit
2024-06-16 22:14:35,286 - API - ERROR: Error with get account state: the address is invalid
2024-06-16 22:14:36,261 - API - ERROR: Error with get account state: Liteserver crashed with 228 code. Message: Ratelimit
2024-06-16 22:14:36,280 - API - ERROR: Error with get account state: Liteserver crashed with 228 code. Message: Ratelimit
2024-06-16 22:14:36,321 - API - ERROR: Error with get account state: Liteserver crashed with 228 code. Message: Ratelimit
2024-06-16 22:14:36,328 - API - ERROR: Error with get account state: Liteserver crashed with 228 code. Message: Ratelimit
2024-06-16 22:14:36,339 - API - ERROR: Error with get account state: Liteserver crashed with 228 code. Message: Ratelimit
2024-06-16 22:14:45,921 - API - ERROR: Error with get account state: the address is invalid
2024-06-16 22:14:46,254 - API - ERROR: Error with get account state: Liteserver crashed with 228 code. Message: Ratelimit
2024-06-16 22:14:46,255 - API - ERROR: Error with get account state: Liteserver crashed with 228 code. Message: Ratelimit
2024-06-16 22:14:46,256 - API - ERROR: Error with get account state: Liteserver crashed with 228 code. Message: Ratelimit
2024-06-16 22:14:46,264 - API - ERROR: Error with get account state: Liteserver crashed with 228 code. Message: Ratelimit
2024-06-16 22:14:46,270 - API - ERROR: Error with get account state: Liteserver crashed with 228 code. Message: Ratelimit
2024-06-16 22:14:47,498 - API - ERROR: Error with get account state: the address is invalid
2024-06-16 22:14:48,040 - API - ERROR: Error with get account state: Liteserver crashed with 228 code. Message: Ratelimit
2024-06-16 22:14:48,060 - API - ERROR: Error with get account state: Liteserver crashed with 228 code. Message: Ratelimit
2024-06-16 22:14:48,103 - API - ERROR: Error with get account state: Liteserver crashed with 228 code. Message: Ratelimit
2024-06-16 22:14:48,104 - API - ERROR: Error with get account state: Liteserver crashed with 228 code. Message: Ratelimit
2024-06-16 22:14:48,127 - API - ERROR: Error with get account state: Liteserver crashed with 228 code. Message: Ratelimit
2024-06-16 22:14:48,873 - API - ERROR: Error with get account state: the address is invalid
2024-06-16 22:14:50,279 - API - ERROR: Error with get account state: the address is invalid
2024-06-16 22:14:54,136 - API - ERROR: Error with get account state: Liteserver crashed with 228 code. Message: Ratelimit
2024-06-16 22:14:54,139 - API - ERROR: Error with get account state: Liteserver crashed with 228 code. Message: Ratelimit
2024-06-16 22:14:54,140 - API - ERROR: Error with get account state: Liteserver crashed with 228 code. Message: Ratelimit
2024-06-16 22:14:54,142 - API - ERROR: Error with get account state: Liteserver crashed with 228 code. Message: Ratelimit
2024-06-16 22:14:54,172 - API - ERROR: Error with get account state: Liteserver crashed with 228 code. Message: Ratelimit
2024-06-16 22:14:54,180 - API - ERROR: Error with get account state: Liteserver crashed with 228 code. Message: Ratelimit
2024-06-16 22:14:55,603 - API - ERROR: Error with get account state: the address is invalid
2024-06-16 22:14:57,941 - API - ERROR: Error with get account state: the address is invalid
2024-06-16 22:14:59,411 - API - ERROR: Error with get account state: the address is invalid
2024-06-16 22:15:01,533 - API - ERROR: Error with get account state: the address is invalid
2024-06-16 22:15:02,179 - API - ERROR: Error with get account state: Liteserver crashed with 228 code. Message: Ratelimit
2024-06-16 22:15:02,180 - API - ERROR: Error with get account state: Liteserver crashed with 228 code. Message: Ratelimit
2024-06-16 22:15:02,234 - API - ERROR: Error with get account state: Liteserver crashed with 228 code. Message: Ratelimit
2024-06-16 22:15:02,259 - API - ERROR: Error with get account state: Liteserver crashed with 228 code. Message: Ratelimit
2024-06-16 22:15:02,267 - API - ERROR: Error with get account state: Liteserver crashed with 228 code. Message: Ratelimit
2024-06-16 22:15:02,815 - API - ERROR: Error with get account state: Liteserver crashed with 228 code. Message: Ratelimit
2024-06-16 22:15:04,888 - API - ERROR: Error with get account state: the address is invalid
2024-06-16 22:15:06,616 - API - ERROR: Error with get account state: the address is invalid
2024-06-16 22:15:07,361 - API - ERROR: Error with get account state: Liteserver crashed with 228 code. Message: Ratelimit
2024-06-16 22:15:07,383 - API - ERROR: Error with get account state: Liteserver crashed with 228 code. Message: Ratelimit
2024-06-16 22:15:07,384 - API - ERROR: Error with get account state: Liteserver crashed with 228 code. Message: Ratelimit
2024-06-16 22:15:07,395 - API - ERROR: Error with get account state: Liteserver crashed with 228 code. Message: Ratelimit
2024-06-16 22:15:08,232 - API - ERROR: Error with get account state: the address is invalid
2024-06-16 22:15:10,738 - API - ERROR: Error with get account state: the address is invalid
2024-06-16 22:15:12,734 - API - ERROR: Error with get account state: the address is invalid
2024-06-16 22:15:14,024 - API - ERROR: Error with get account state: Liteserver crashed with 228 code. Message: Ratelimit
2024-06-16 22:15:14,034 - API - ERROR: Error with get account state: Liteserver crashed with 228 code. Message: Ratelimit
2024-06-16 22:15:14,039 - API - ERROR: Error with get account state: Liteserver crashed with 228 code. Message: Ratelimit
2024-06-16 22:15:14,111 - API - ERROR: Error with get account state: Liteserver crashed with 228 code. Message: Ratelimit
2024-06-16 22:15:14,113 - API - ERROR: Error with get account state: Liteserver crashed with 228 code. Message: Ratelimit
2024-06-16 22:15:14,215 - API - ERROR: Error with get account state: Liteserver crashed with 228 code. Message: Ratelimit
2024-06-16 22:15:15,507 - API - ERROR: Error with get account state: the address is invalid
2024-06-16 22:15:16,922 - API - ERROR: Error with get account state: the address is invalid
2024-06-16 22:15:19,499 - API - ERROR: Error with get account state: the address is invalid
2024-06-16 22:15:20,985 - API - ERROR: Error with get account state: the address is invalid
2024-06-16 22:15:21,669 - API - ERROR: Error with get account state: Liteserver crashed with 228 code. Message: Ratelimit
2024-06-16 22:15:21,709 - API - ERROR: Error with get account state: Liteserver crashed with 228 code. Message: Ratelimit
2024-06-16 22:15:22,426 - API - ERROR: Error with get account state: the address is invalid
2024-06-16 22:15:23,839 - API - ERROR: Error with get account state: the address is invalid
2024-06-16 22:15:25,700 - API - ERROR: Error with get account state: the address is invalid
2024-06-16 22:15:26,182 - API - ERROR: Error with get account state: Liteserver crashed with 228 code. Message: Ratelimit
2024-06-16 22:15:26,327 - API - ERROR: Error with get account state: Liteserver crashed with 228 code. Message: Ratelimit
2024-06-16 22:15:26,337 - API - ERROR: Error with get account state: Liteserver crashed with 228 code. Message: Ratelimit
2024-06-16 22:15:26,337 - API - ERROR: Error with get account state: Liteserver crashed with 228 code. Message: Ratelimit
2024-06-16 22:15:27,176 - API - ERROR: Error with get account state: the address is invalid
2024-06-16 22:15:28,003 - API - ERROR: Error with get account state: Liteserver crashed with 228 code. Message: Ratelimit
2024-06-16 22:15:28,167 - API - ERROR: Error with get account state: Liteserver crashed with 228 code. Message: Ratelimit
2024-06-16 22:15:28,169 - API - ERROR: Error with get account state: Liteserver crashed with 228 code. Message: Ratelimit
2024-06-16 22:15:28,187 - API - ERROR: Error with get account state: Liteserver crashed with 228 code. Message: Ratelimit
2024-06-16 22:15:28,616 - API - ERROR: Error with get account state: Liteserver crashed with 228 code. Message: Ratelimit
2024-06-16 22:15:30,022 - API - ERROR: Error with get account state: the address is invalid
2024-06-16 22:15:31,410 - API - ERROR: Error with get account state: the address is invalid
2024-06-16 22:15:38,333 - API - ERROR: Error with get account state: the address is invalid
2024-06-16 22:15:38,670 - API - ERROR: Error with get account state: Liteserver crashed with 228 code. Message: Ratelimit
2024-06-16 22:15:38,683 - API - ERROR: Error with get account state: Liteserver crashed with 228 code. Message: Ratelimit
2024-06-16 22:15:39,752 - API - ERROR: Error with get account state: the address is invalid
2024-06-16 22:15:40,361 - API - ERROR: Error with get account state: Liteserver crashed with 228 code. Message: Ratelimit
2024-06-16 22:15:40,402 - API - ERROR: Error with get account state: Liteserver crashed with 228 code. Message: Ratelimit
2024-06-16 22:15:41,469 - API - ERROR: Error with get account state: the address is invalid
2024-06-16 22:15:42,397 - API - ERROR: Error with get account state: Liteserver crashed with 228 code. Message: Ratelimit
2024-06-16 22:15:42,461 - API - ERROR: Error with get account state: Liteserver crashed with 228 code. Message: Ratelimit
2024-06-16 22:15:42,547 - API - ERROR: Error with get account state: Liteserver crashed with 228 code. Message: Ratelimit
2024-06-16 22:15:42,951 - API - ERROR: Error with get account state: the address is invalid
2024-06-16 22:15:48,282 - API - ERROR: Error with get account state: the address is invalid
2024-06-16 22:15:48,371 - API - ERROR: Error with get account state: Liteserver crashed with 228 code. Message: Ratelimit
2024-06-16 22:15:48,373 - API - ERROR: Error with get account state: Liteserver crashed with 228 code. Message: Ratelimit
2024-06-16 22:15:48,379 - API - ERROR: Error with get account state: Liteserver crashed with 228 code. Message: Ratelimit
2024-06-16 22:15:48,380 - API - ERROR: Error with get account state: Liteserver crashed with 228 code. Message: Ratelimit
2024-06-16 22:15:49,705 - API - ERROR: Error with get account state: the address is invalid
2024-06-16 22:15:51,199 - API - ERROR: Error with get account state: the address is invalid
2024-06-16 22:15:52,910 - API - ERROR: Error with get account state: the address is invalid
2024-06-16 22:15:53,441 - API - ERROR: Error with get account state: Liteserver crashed with 228 code. Message: Ratelimit
2024-06-16 22:15:53,446 - API - ERROR: Error with get account state: Liteserver crashed with 228 code. Message: Ratelimit
2024-06-16 22:15:53,510 - API - ERROR: Error with get account state: Liteserver crashed with 228 code. Message: Ratelimit
2024-06-16 22:15:53,512 - API - ERROR: Error with get account state: Liteserver crashed with 228 code. Message: Ratelimit
2024-06-16 22:16:04,468 - API - ERROR: Error with get account state: the address is invalid
2024-06-16 22:16:05,908 - API - ERROR: Error with get account state: the address is invalid
2024-06-16 22:16:07,520 - API - ERROR: Error with get account state: Liteserver crashed with 228 code. Message: Ratelimit
2024-06-16 22:16:07,521 - API - ERROR: Error with get account state: Liteserver crashed with 228 code. Message: Ratelimit
2024-06-16 22:16:07,616 - API - ERROR: Error with get account state: Liteserver crashed with 228 code. Message: Ratelimit
2024-06-16 22:16:07,617 - API - ERROR: Error with get account state: Liteserver crashed with 228 code. Message: Ratelimit
2024-06-16 22:16:07,619 - API - ERROR: Error with get account state: Liteserver crashed with 228 code. Message: Ratelimit
2024-06-16 22:16:12,496 - API - ERROR: Error with get account state: the address is invalid
2024-06-16 22:16:14,023 - API - ERROR: Error with get account state: the address is invalid
2024-06-16 22:16:14,487 - API - ERROR: Error with get account state: Liteserver crashed with 228 code. Message: Ratelimit
2024-06-16 22:16:14,489 - API - ERROR: Error with get account state: Liteserver crashed with 228 code. Message: Ratelimit
2024-06-16 22:16:14,490 - API - ERROR: Error with get account state: Liteserver crashed with 228 code. Message: Ratelimit
2024-06-16 22:16:14,582 - API - ERROR: Error with get account state: Liteserver crashed with 228 code. Message: Ratelimit
2024-06-16 22:16:15,423 - API - ERROR: Error with get account state: the address is invalid
2024-06-16 22:16:17,218 - API - ERROR: Error with get account state: the address is invalid
2024-06-16 22:16:40,443 - API - ERROR: Error with get account state: 
2024-06-16 22:16:40,855 - API - ERROR: Error with get account state: Liteserver crashed with 228 code. Message: Ratelimit
2024-06-16 22:16:40,864 - API - ERROR: Error with get account state: Liteserver crashed with 228 code. Message: Ratelimit
2024-06-16 22:16:40,912 - API - ERROR: Error with get account state: Liteserver crashed with 228 code. Message: Ratelimit
2024-06-16 22:16:40,926 - API - ERROR: Error with get account state: Liteserver crashed with 228 code. Message: Ratelimit
2024-06-16 22:16:42,128 - API - ERROR: Error with get account state: the address is invalid
2024-06-16 22:16:45,348 - API - ERROR: Error with get account state: the address is invalid
2024-06-16 22:16:46,625 - API - ERROR: Error with get account state: Liteserver crashed with 228 code. Message: Ratelimit
2024-06-16 22:16:46,629 - API - ERROR: Error with get account state: Liteserver crashed with 228 code. Message: Ratelimit
2024-06-16 22:16:46,649 - API - ERROR: Error with get account state: Liteserver crashed with 228 code. Message: Ratelimit
2024-06-16 22:16:46,649 - API - ERROR: Error with get account state: Liteserver crashed with 228 code. Message: Ratelimit
2024-06-16 22:16:46,682 - API - ERROR: Error with get account state: Liteserver crashed with 228 code. Message: Ratelimit
2024-06-16 22:16:48,266 - API - ERROR: Error with get account state: the address is invalid
2024-06-16 22:16:52,092 - API - ERROR: Error with get account state: the address is invalid
2024-06-16 22:16:52,593 - API - ERROR: Error with get account state: Liteserver crashed with 228 code. Message: Ratelimit
2024-06-16 22:16:52,596 - API - ERROR: Error with get account state: Liteserver crashed with 228 code. Message: Ratelimit
2024-06-16 22:16:52,662 - API - ERROR: Error with get account state: Liteserver crashed with 228 code. Message: Ratelimit
2024-06-16 22:16:52,671 - API - ERROR: Error with get account state: Liteserver crashed with 228 code. Message: Ratelimit
2024-06-16 22:16:53,611 - API - ERROR: Error with get account state: the address is invalid
2024-06-16 22:16:55,200 - API - ERROR: Error with get account state: the address is invalid
2024-06-16 22:16:56,661 - API - ERROR: Error with get account state: the address is invalid
2024-06-16 22:17:00,052 - API - ERROR: Error with get account state: Liteserver crashed with 228 code. Message: Ratelimit
2024-06-16 22:17:00,065 - API - ERROR: Error with get account state: Liteserver crashed with 228 code. Message: Ratelimit
2024-06-16 22:17:00,070 - API - ERROR: Error with get account state: Liteserver crashed with 228 code. Message: Ratelimit
2024-06-16 22:17:00,083 - API - ERROR: Error with get account state: Liteserver crashed with 228 code. Message: Ratelimit
2024-06-16 22:17:01,681 - API - ERROR: Error with get account state: the address is invalid
2024-06-16 22:17:03,612 - API - ERROR: Error with get account state: the address is invalid
2024-06-16 22:17:45,909 - API - ERROR: Error with get account state: 
2024-06-16 22:17:45,920 - API - ERROR: Error with get account state: 
2024-06-16 22:17:45,920 - API - ERROR: Error with get account state: 
2024-06-16 22:17:45,921 - API - ERROR: Error with get account state: 
2024-06-16 22:17:56,407 - API - ERROR: Error with get account state: the address is invalid
2024-06-16 22:17:57,878 - API - ERROR: Error with get account state: the address is invalid
2024-06-16 22:17:59,622 - API - ERROR: Error with get account state: the address is invalid
2024-06-16 22:18:01,093 - API - ERROR: Error with get account state: the address is invalid
2024-06-16 22:18:01,158 - API - ERROR: Error with get account state: Liteserver crashed with 228 code. Message: Ratelimit
2024-06-16 22:18:01,219 - API - ERROR: Error with get account state: Liteserver crashed with 228 code. Message: Ratelimit
2024-06-16 22:18:01,229 - API - ERROR: Error with get account state: Liteserver crashed with 228 code. Message: Ratelimit
2024-06-16 22:18:06,269 - API - ERROR: Error with get account state: the address is invalid
2024-06-16 22:18:07,676 - API - ERROR: Error with get account state: the address is invalid
2024-06-16 22:18:07,858 - API - ERROR: Error with get account state: Liteserver crashed with 228 code. Message: Ratelimit
2024-06-16 22:18:07,922 - API - ERROR: Error with get account state: Liteserver crashed with 228 code. Message: Ratelimit
2024-06-16 22:18:09,298 - API - ERROR: Error with get account state: the address is invalid
2024-06-16 22:18:10,695 - API - ERROR: Error with get account state: the address is invalid
2024-06-16 22:18:21,254 - API - ERROR: Error with get account state: the address is invalid
2024-06-16 22:18:22,669 - API - ERROR: Error with get account state: the address is invalid
2024-06-16 22:18:23,171 - API - ERROR: Error with get account state: Liteserver crashed with 228 code. Message: Ratelimit
2024-06-16 22:18:23,174 - API - ERROR: Error with get account state: Liteserver crashed with 228 code. Message: Ratelimit
2024-06-16 22:18:24,632 - API - ERROR: Error with get account state: the address is invalid
2024-06-16 22:18:25,996 - API - ERROR: Error with get account state: the address is invalid
2024-06-16 22:18:30,740 - API - ERROR: Error with get account state: the address is invalid
2024-06-16 22:18:30,955 - API - ERROR: Error with get account state: Liteserver crashed with 228 code. Message: Ratelimit
2024-06-16 22:18:31,020 - API - ERROR: Error with get account state: Liteserver crashed with 228 code. Message: Ratelimit
2024-06-16 22:18:32,196 - API - ERROR: Error with get account state: the address is invalid
2024-06-16 22:18:33,956 - API - ERROR: Error with get account state: the address is invalid
2024-06-16 22:18:34,508 - API - ERROR: Error with get account state: Liteserver crashed with 228 code. Message: Ratelimit
2024-06-16 22:18:34,517 - API - ERROR: Error with get account state: Liteserver crashed with 228 code. Message: Ratelimit
2024-06-16 22:18:35,490 - API - ERROR: Error with get account state: the address is invalid
2024-06-16 22:18:47,313 - API - ERROR: Error with get account state: the address is invalid
2024-06-16 22:18:48,754 - API - ERROR: Error with get account state: the address is invalid
2024-06-16 22:18:50,687 - API - ERROR: Error with get account state: the address is invalid
2024-06-16 22:18:52,146 - API - ERROR: Error with get account state: the address is invalid
2024-06-16 22:19:35,004 - API - ERROR: Error with get account state: the address is invalid
2024-06-16 22:19:41,048 - API - ERROR: Error with get account state: the address is invalid
2024-06-16 22:19:44,396 - API - ERROR: Error with get account state: the address is invalid
2024-06-16 22:20:10,665 - API - ERROR: Error with get account state: Liteserver crashed with 228 code. Message: Ratelimit
2024-06-16 22:20:10,699 - API - ERROR: Error with get account state: Liteserver crashed with 228 code. Message: Ratelimit
2024-06-16 22:20:10,739 - API - ERROR: Error with get account state: Liteserver crashed with 228 code. Message: Ratelimit
2024-06-16 22:20:13,398 - API - ERROR: Error with get account state: the address is invalid
2024-06-16 22:20:16,353 - API - ERROR: Error with get account state: the address is invalid
2024-06-16 22:20:43,592 - API - ERROR: Error with get account state: the address is invalid
2024-06-16 22:20:47,971 - API - ERROR: Error with get account state: the address is invalid
2024-06-16 22:21:17,607 - API - ERROR: Error with get account state: the address is invalid
2024-06-16 22:21:18,208 - API - ERROR: Error with get account state: Liteserver crashed with 228 code. Message: Ratelimit
2024-06-16 22:21:18,211 - API - ERROR: Error with get account state: Liteserver crashed with 228 code. Message: Ratelimit
2024-06-16 22:21:20,498 - API - ERROR: Error with get account state: the address is invalid
2024-06-16 22:21:23,141 - API - ERROR: Error with get account state: Liteserver crashed with 228 code. Message: Ratelimit
2024-06-16 22:21:23,171 - API - ERROR: Error with get account state: Liteserver crashed with 228 code. Message: Ratelimit
2024-06-16 22:21:23,205 - API - ERROR: Error with get account state: Liteserver crashed with 228 code. Message: Ratelimit
2024-06-16 22:21:44,402 - API - ERROR: Error with get account state: the address is invalid
2024-06-16 22:21:47,946 - API - ERROR: Error with get account state: the address is invalid
2024-06-16 22:22:28,343 - API - ERROR: Error with get account state: the address is invalid
2024-06-16 22:22:31,989 - API - ERROR: Error with get account state: the address is invalid
2024-06-16 22:23:03,078 - API - ERROR: Error with get account state: the address is invalid
2024-06-16 22:23:07,075 - API - ERROR: Error with get account state: the address is invalid
2024-06-16 22:23:34,731 - API - ERROR: Error with get account state: Liteserver crashed with 228 code. Message: Ratelimit
2024-06-16 22:23:34,777 - API - ERROR: Error with get account state: Liteserver crashed with 228 code. Message: Ratelimit
2024-06-16 22:23:34,780 - API - ERROR: Error with get account state: Liteserver crashed with 228 code. Message: Ratelimit
2024-06-16 22:23:39,536 - API - ERROR: Error with get account state: the address is invalid
2024-06-16 22:23:46,707 - API - ERROR: Error with get account state: the address is invalid
2024-06-16 22:25:14,698 - API - ERROR: Error with get account state: 
2024-06-16 22:25:14,982 - API - ERROR: Error with get account state: the address is invalid
